Using pre-set license
Built from '2021.3/staging' branch; Version is '2021.3.21f1 (1b156197d683) revision 1774945'; Using compiler version '192829333'; Build Type 'Release'
OS: 'Windows 11  (10.0.22621) 64bit CoreSingleLanguage' Language: 'en' Physical Memory: 7934 MB
BatchMode: 1, IsHumanControllingUs: 0, StartBugReporterOnCrash: 0, Is64bit: 1, IsPro: 1

COMMAND LINE ARGUMENTS:
C:\Program Files\Unity\Hub\Editor\2021.3.21f1\Editor\Unity.exe
-adb2
-batchMode
-noUpm
-name
AssetImportWorker1
-projectPath
C:/Users/DELL/Documents/GitHub/CCCC
-logFile
Logs/AssetImportWorker1.log
-srvPort
63802
Successfully changed project path to: C:/Users/DELL/Documents/GitHub/CCCC
C:/Users/DELL/Documents/GitHub/CCCC
[UnityMemory] Configuration Parameters - Can be set up in boot.config
    "memorysetup-bucket-allocator-granularity=16"
    "memorysetup-bucket-allocator-bucket-count=8"
    "memorysetup-bucket-allocator-block-size=33554432"
    "memorysetup-bucket-allocator-block-count=8"
    "memorysetup-main-allocator-block-size=16777216"
    "memorysetup-thread-allocator-block-size=16777216"
    "memorysetup-gfx-main-allocator-block-size=16777216"
    "memorysetup-gfx-thread-allocator-block-size=16777216"
    "memorysetup-cache-allocator-block-size=4194304"
    "memorysetup-typetree-allocator-block-size=2097152"
    "memorysetup-profiler-bucket-allocator-granularity=16"
    "memorysetup-profiler-bucket-allocator-bucket-count=8"
    "memorysetup-profiler-bucket-allocator-block-size=33554432"
    "memorysetup-profiler-bucket-allocator-block-count=8"
    "memorysetup-profiler-allocator-block-size=16777216"
    "memorysetup-profiler-editor-allocator-block-size=1048576"
    "memorysetup-temp-allocator-size-main=16777216"
    "memorysetup-job-temp-allocator-block-size=2097152"
    "memorysetup-job-temp-allocator-block-size-background=1048576"
    "memorysetup-job-temp-allocator-reduction-small-platforms=262144"
    "memorysetup-temp-allocator-size-background-worker=32768"
    "memorysetup-temp-allocator-size-job-worker=262144"
    "memorysetup-temp-allocator-size-preload-manager=33554432"
    "memorysetup-temp-allocator-size-nav-mesh-worker=65536"
    "memorysetup-temp-allocator-size-audio-worker=65536"
    "memorysetup-temp-allocator-size-cloud-worker=32768"
    "memorysetup-temp-allocator-size-gi-baking-worker=262144"
    "memorysetup-temp-allocator-size-gfx=262144"
Player connection [20320] Host "[IP] 192.168.6.58 [Port] 0 [Flags] 2 [Guid] 4289930248 [EditorId] 4289930248 [Version] 1048832 [Id] WindowsEditor(7,DESKTOP-Q6Q1L0F) [Debug] 1 [PackageName] WindowsEditor [ProjectName] Editor" joined multi-casting on [225.0.0.222:54997]...

Player connection [20320] Host "[IP] 192.168.6.58 [Port] 0 [Flags] 2 [Guid] 4289930248 [EditorId] 4289930248 [Version] 1048832 [Id] WindowsEditor(7,DESKTOP-Q6Q1L0F) [Debug] 1 [PackageName] WindowsEditor [ProjectName] Editor" joined alternative multi-casting on [225.0.0.222:34997]...

Refreshing native plugins compatible for Editor in 51.70 ms, found 3 plugins.
Preloading 0 native plugins for Editor in 0.00 ms.
Initialize engine version: 2021.3.21f1 (1b156197d683)
[Subsystems] Discovering subsystems at path C:/Program Files/Unity/Hub/Editor/2021.3.21f1/Editor/Data/Resources/UnitySubsystems
[Subsystems] Discovering subsystems at path C:/Users/DELL/Documents/GitHub/CCCC/Assets
GfxDevice: creating device client; threaded=0; jobified=0
Direct3D:
    Version:  Direct3D 11.0 [level 11.1]
    Renderer: NVIDIA GeForce RTX 3050 Laptop GPU (ID=0x25a2)
    Vendor:   NVIDIA
    VRAM:     3977 MB
    Driver:   31.0.15.2879
Initialize mono
Mono path[0] = 'C:/Program Files/Unity/Hub/Editor/2021.3.21f1/Editor/Data/Managed'
Mono path[1] = 'C:/Program Files/Unity/Hub/Editor/2021.3.21f1/Editor/Data/MonoBleedingEdge/lib/mono/unityjit-win32'
Mono config path = 'C:/Program Files/Unity/Hub/Editor/2021.3.21f1/Editor/Data/MonoBleedingEdge/etc'
Using monoOptions --debugger-agent=transport=dt_socket,embedding=1,server=y,suspend=n,address=127.0.0.1:56888
Begin MonoManager ReloadAssembly
Registering precompiled unity dll's ...
Register platform support module: C:/Program Files/Unity/Hub/Editor/2021.3.21f1/Editor/Data/PlaybackEngines/WebGLSupport/UnityEditor.WebGL.Extensions.dll
Register platform support module: C:/Program Files/Unity/Hub/Editor/2021.3.21f1/Editor/Data/PlaybackEngines/AndroidPlayer/UnityEditor.Android.Extensions.dll
Register platform support module: C:/Program Files/Unity/Hub/Editor/2021.3.21f1/Editor/Data/PlaybackEngines/WindowsStandaloneSupport/UnityEditor.WindowsStandalone.Extensions.dll
Registered in 0.003167 seconds.
Native extension for WindowsStandalone target not found
Native extension for Android target not found
Android Extension - Scanning For ADB Devices 174 ms
Native extension for WebGL target not found
Refreshing native plugins compatible for Editor in 63.36 ms, found 3 plugins.
Preloading 0 native plugins for Editor in 0.00 ms.
Mono: successfully reloaded assembly
- Completed reload, in  0.705 seconds
Domain Reload Profiling:
	ReloadAssembly (705ms)
		BeginReloadAssembly (63ms)
			ExecutionOrderSort (0ms)
			DisableScriptedObjects (0ms)
			BackupInstance (0ms)
			ReleaseScriptingObjects (0ms)
			CreateAndSetChildDomain (1ms)
		EndReloadAssembly (569ms)
			LoadAssemblies (62ms)
			RebuildTransferFunctionScriptingTraits (0ms)
			SetupTypeCache (84ms)
			ReleaseScriptCaches (0ms)
			RebuildScriptCaches (24ms)
			SetupLoadedEditorAssemblies (421ms)
				LogAssemblyErrors (0ms)
				InitializePlatformSupportModulesInManaged (230ms)
				SetLoadedEditorAssemblies (0ms)
				RefreshPlugins (63ms)
				BeforeProcessingInitializeOnLoad (1ms)
				ProcessInitializeOnLoadAttributes (82ms)
				ProcessInitializeOnLoadMethodAttributes (45ms)
				AfterProcessingInitializeOnLoad (0ms)
				EditorAssembliesLoaded (0ms)
			ExecutionOrderSort2 (0ms)
			AwakeInstancesAfterBackupRestoration (0ms)
Platform modules already initialized, skipping
Registering precompiled user dll's ...
Registered in 0.003308 seconds.
Begin MonoManager ReloadAssembly
Symbol file LoadedFromMemory doesn't match image C:\Users\DELL\Documents\GitHub\CCCC\Library\PackageCache\com.unity.visualscripting@1.8.0\Editor\VisualScripting.Core\Dependencies\YamlDotNet\Unity.VisualScripting.YamlDotNet.dll
Symbol file LoadedFromMemory doesn't match image C:\Users\DELL\Documents\GitHub\CCCC\Library\PackageCache\com.unity.visualscripting@1.8.0\Editor\VisualScripting.Core\Dependencies\DotNetZip\Unity.VisualScripting.IonicZip.dll
Native extension for WindowsStandalone target not found
Native extension for Android target not found
Native extension for WebGL target not found
Refreshing native plugins compatible for Editor in 0.50 ms, found 3 plugins.
Preloading 0 native plugins for Editor in 0.00 ms.
Mono: successfully reloaded assembly
- Completed reload, in  0.781 seconds
Domain Reload Profiling:
	ReloadAssembly (782ms)
		BeginReloadAssembly (109ms)
			ExecutionOrderSort (0ms)
			DisableScriptedObjects (5ms)
			BackupInstance (0ms)
			ReleaseScriptingObjects (0ms)
			CreateAndSetChildDomain (23ms)
		EndReloadAssembly (585ms)
			LoadAssemblies (73ms)
			RebuildTransferFunctionScriptingTraits (0ms)
			SetupTypeCache (187ms)
			ReleaseScriptCaches (1ms)
			RebuildScriptCaches (43ms)
			SetupLoadedEditorAssemblies (252ms)
				LogAssemblyErrors (0ms)
				InitializePlatformSupportModulesInManaged (16ms)
				SetLoadedEditorAssemblies (0ms)
				RefreshPlugins (1ms)
				BeforeProcessingInitializeOnLoad (58ms)
				ProcessInitializeOnLoadAttributes (156ms)
				ProcessInitializeOnLoadMethodAttributes (16ms)
				AfterProcessingInitializeOnLoad (4ms)
				EditorAssembliesLoaded (0ms)
			ExecutionOrderSort2 (0ms)
			AwakeInstancesAfterBackupRestoration (5ms)
Platform modules already initialized, skipping
========================================================================
Worker process is ready to serve import requests
Launched and connected shader compiler UnityShaderCompiler.exe after 0.03 seconds
Refreshing native plugins compatible for Editor in 0.52 ms, found 3 plugins.
Preloading 0 native plugins for Editor in 0.00 ms.
Unloading 2956 Unused Serialized files (Serialized files now loaded: 0)
Unloading 21 unused Assets / (56.1 KB). Loaded Objects now: 3424.
Memory consumption went from 104.0 MB to 104.0 MB.
Total: 5.078300 ms (FindLiveObjects: 0.390100 ms CreateObjectMapping: 0.477800 ms MarkObjects: 4.115600 ms  DeleteObjects: 0.092600 ms)

AssetImportParameters requested are different than current active one (requested -> active):
  custom:video-decoder-ogg-theora: a1e56fd34408186e4bbccfd4996cb3dc -> 
  custom:container-muxer-webm: aa71ff27fc2769a1b78a27578f13a17b -> 
  custom:container-demuxer-webm: 4f35f7cbe854078d1ac9338744f61a02 -> 
  custom:video-encoder-webm-vp8: eb34c28f22e8b96e1ab97ce403110664 -> 
  custom:video-codec-MediaFoundation-h265: 746d11721c4dcdbdad8f713fa42b33f4 -> 
  custom:audio-encoder-webm-vorbis: bf7c407c2cedff20999df2af8eb42d56 -> 
  custom:framework-win-MediaFoundation: 216162199b28c13a410421893ffa2e32 -> 
  custom:container-demuxer-ogg: 62fdf1f143b41e24485cea50d1cbac27 -> 
  custom:video-decoder-webm-vp8: 9c59270c3fd7afecdb556c50c9e8de78 -> 
  custom:audio-decoder-ogg-vorbis: bf7c407c2cedff20999df2af8eb42d56 -> 
========================================================================
Received Prepare
Registering precompiled user dll's ...
Registered in 0.002535 seconds.
Begin MonoManager ReloadAssembly
Symbol file LoadedFromMemory doesn't match image C:\Users\DELL\Documents\GitHub\CCCC\Library\PackageCache\com.unity.visualscripting@1.8.0\Editor\VisualScripting.Core\Dependencies\YamlDotNet\Unity.VisualScripting.YamlDotNet.dll
Symbol file LoadedFromMemory doesn't match image C:\Users\DELL\Documents\GitHub\CCCC\Library\PackageCache\com.unity.visualscripting@1.8.0\Editor\VisualScripting.Core\Dependencies\DotNetZip\Unity.VisualScripting.IonicZip.dll
Native extension for WindowsStandalone target not found
Native extension for Android target not found
Native extension for WebGL target not found
Refreshing native plugins compatible for Editor in 0.69 ms, found 3 plugins.
Preloading 0 native plugins for Editor in 0.00 ms.
Mono: successfully reloaded assembly
- Completed reload, in  0.845 seconds
Domain Reload Profiling:
	ReloadAssembly (845ms)
		BeginReloadAssembly (148ms)
			ExecutionOrderSort (0ms)
			DisableScriptedObjects (5ms)
			BackupInstance (0ms)
			ReleaseScriptingObjects (0ms)
			CreateAndSetChildDomain (42ms)
		EndReloadAssembly (591ms)
			LoadAssemblies (99ms)
			RebuildTransferFunctionScriptingTraits (0ms)
			SetupTypeCache (205ms)
			ReleaseScriptCaches (2ms)
			RebuildScriptCaches (35ms)
			SetupLoadedEditorAssemblies (238ms)
				LogAssemblyErrors (0ms)
				InitializePlatformSupportModulesInManaged (19ms)
				SetLoadedEditorAssemblies (0ms)
				RefreshPlugins (1ms)
				BeforeProcessingInitializeOnLoad (41ms)
				ProcessInitializeOnLoadAttributes (155ms)
				ProcessInitializeOnLoadMethodAttributes (17ms)
				AfterProcessingInitializeOnLoad (4ms)
				EditorAssembliesLoaded (0ms)
			ExecutionOrderSort2 (0ms)
			AwakeInstancesAfterBackupRestoration (5ms)
Platform modules already initialized, skipping
Refreshing native plugins compatible for Editor in 1.15 ms, found 3 plugins.
Preloading 0 native plugins for Editor in 0.00 ms.
Unloading 2945 Unused Serialized files (Serialized files now loaded: 0)
Unloading 18 unused Assets / (24.6 KB). Loaded Objects now: 3423.
Memory consumption went from 103.7 MB to 103.7 MB.
Total: 2.281900 ms (FindLiveObjects: 0.236700 ms CreateObjectMapping: 0.075000 ms MarkObjects: 1.946200 ms  DeleteObjects: 0.022700 ms)

AssetImportParameters requested are different than current active one (requested -> active):
  custom:video-decoder-ogg-theora: a1e56fd34408186e4bbccfd4996cb3dc -> 
  custom:container-muxer-webm: aa71ff27fc2769a1b78a27578f13a17b -> 
  custom:container-demuxer-webm: 4f35f7cbe854078d1ac9338744f61a02 -> 
  custom:video-encoder-webm-vp8: eb34c28f22e8b96e1ab97ce403110664 -> 
  custom:video-codec-MediaFoundation-h265: 746d11721c4dcdbdad8f713fa42b33f4 -> 
  custom:audio-encoder-webm-vorbis: bf7c407c2cedff20999df2af8eb42d56 -> 
  custom:framework-win-MediaFoundation: 216162199b28c13a410421893ffa2e32 -> 
  custom:container-demuxer-ogg: 62fdf1f143b41e24485cea50d1cbac27 -> 
  custom:video-decoder-webm-vp8: 9c59270c3fd7afecdb556c50c9e8de78 -> 
  custom:audio-decoder-ogg-vorbis: bf7c407c2cedff20999df2af8eb42d56 -> 
========================================================================
Received Import Request.
  Time since last request: 859685.265850 seconds.
  path: Assets/KnifeHit/Particles/Matrial/AnimationMatrial/BossTire/1.mat
  artifactKey: Guid(57d3e07380bf7944e9f880c7f83df329) Importer(815301076,1909f56bfc062723c751e8b465ee728b)
Start importing Assets/KnifeHit/Particles/Matrial/AnimationMatrial/BossTire/1.mat using Guid(57d3e07380bf7944e9f880c7f83df329) Importer(815301076,1909f56bfc062723c751e8b465ee728b)  -> (artifact id: 'ec16e1ef6349f42fa0aa66cbec41a1ab') in 0.217315 seconds 
========================================================================
Received Import Request.
  Time since last request: 0.000035 seconds.
  path: Assets/KnifeHit/Particles/Matrial/AnimationMatrial/BossWatermelon/1.mat
  artifactKey: Guid(a99f52f24b2be1e43ba4166dc7de32a7) Importer(815301076,1909f56bfc062723c751e8b465ee728b)
Start importing Assets/KnifeHit/Particles/Matrial/AnimationMatrial/BossWatermelon/1.mat using Guid(a99f52f24b2be1e43ba4166dc7de32a7) Importer(815301076,1909f56bfc062723c751e8b465ee728b)  -> (artifact id: '6736c3905130f9594bc6b65f3fe6b590') in 0.028200 seconds 
========================================================================
Received Import Request.
  Time since last request: 0.000035 seconds.
  path: Assets/KnifeHit/Particles/Matrial/AnimationMatrial/BossGround/1.mat
  artifactKey: Guid(23edc33cf793f054a84d2c459ae7bed7) Importer(815301076,1909f56bfc062723c751e8b465ee728b)
Start importing Assets/KnifeHit/Particles/Matrial/AnimationMatrial/BossGround/1.mat using Guid(23edc33cf793f054a84d2c459ae7bed7) Importer(815301076,1909f56bfc062723c751e8b465ee728b)  -> (artifact id: '79e8e77d243439a08ecdcce46c997083') in 0.032733 seconds 
========================================================================
Received Import Request.
  Time since last request: 0.000023 seconds.
  path: Assets/KnifeHit/Particles/Matrial/AnimationMatrial/BossLid/Dots.mat
  artifactKey: Guid(7f20e959e99ae89488f45db213968691) Importer(815301076,1909f56bfc062723c751e8b465ee728b)
Start importing Assets/KnifeHit/Particles/Matrial/AnimationMatrial/BossLid/Dots.mat using Guid(7f20e959e99ae89488f45db213968691) Importer(815301076,1909f56bfc062723c751e8b465ee728b)  -> (artifact id: '7e4bc091e07573d5939c7fd2077430c2') in 0.031999 seconds 
========================================================================
Received Import Request.
  Time since last request: 0.000031 seconds.
  path: Assets/KnifeHit/Particles/Matrial/AnimationMatrial/BossWatermelon/Dots.mat
  artifactKey: Guid(85da1b9ddf0435748acb04b4b489166b) Importer(815301076,1909f56bfc062723c751e8b465ee728b)
Start importing Assets/KnifeHit/Particles/Matrial/AnimationMatrial/BossWatermelon/Dots.mat using Guid(85da1b9ddf0435748acb04b4b489166b) Importer(815301076,1909f56bfc062723c751e8b465ee728b)  -> (artifact id: '87c2ac905a8da6e02d9532871df0fa30') in 0.028972 seconds 
========================================================================
Received Import Request.
  Time since last request: 0.000040 seconds.
  path: Assets/KnifeHit/Particles/Matrial/AnimationMatrial/BossOrange/2.mat
  artifactKey: Guid(4bcbc8fb7b829394dbe37bb06fb322ce) Importer(815301076,1909f56bfc062723c751e8b465ee728b)
Start importing Assets/KnifeHit/Particles/Matrial/AnimationMatrial/BossOrange/2.mat using Guid(4bcbc8fb7b829394dbe37bb06fb322ce) Importer(815301076,1909f56bfc062723c751e8b465ee728b)  -> (artifact id: 'd4463e89fcf91dba5e56fabfd08769bd') in 0.036965 seconds 
========================================================================
Received Import Request.
  Time since last request: 0.000055 seconds.
  path: Assets/KnifeHit/Particles/Matrial/AnimationMatrial/BossOrange/3.mat
  artifactKey: Guid(926aca6ca171a1b45ab84d17fec9247f) Importer(815301076,1909f56bfc062723c751e8b465ee728b)
Start importing Assets/KnifeHit/Particles/Matrial/AnimationMatrial/BossOrange/3.mat using Guid(926aca6ca171a1b45ab84d17fec9247f) Importer(815301076,1909f56bfc062723c751e8b465ee728b)  -> (artifact id: '6dff19f009e223e3649247cdc3a45da9') in 0.032052 seconds 
========================================================================
Received Import Request.
  Time since last request: 0.000074 seconds.
  path: Assets/KnifeHit/Particles/Matrial/AnimationMatrial/BossGround/3.mat
  artifactKey: Guid(2452d1d362a702748872a966b397a65b) Importer(815301076,1909f56bfc062723c751e8b465ee728b)
Start importing Assets/KnifeHit/Particles/Matrial/AnimationMatrial/BossGround/3.mat using Guid(2452d1d362a702748872a966b397a65b) Importer(815301076,1909f56bfc062723c751e8b465ee728b)  -> (artifact id: '11e604690f22b6d1080cbda6de4b5db7') in 0.034807 seconds 
========================================================================
Received Import Request.
  Time since last request: 0.000064 seconds.
  path: Assets/KnifeHit/Particles/Matrial/AnimationMatrial/Boss1/3.mat
  artifactKey: Guid(7c29b39e4b0af834da81b40250e53ffb) Importer(815301076,1909f56bfc062723c751e8b465ee728b)
Start importing Assets/KnifeHit/Particles/Matrial/AnimationMatrial/Boss1/3.mat using Guid(7c29b39e4b0af834da81b40250e53ffb) Importer(815301076,1909f56bfc062723c751e8b465ee728b)  -> (artifact id: '17eee08932f424bec918d326439b8450') in 0.033878 seconds 
========================================================================
Received Import Request.
  Time since last request: 0.000050 seconds.
  path: Assets/KnifeHit/Particles/Matrial/AnimationMatrial/BossOrange/Dots.mat
  artifactKey: Guid(aa82d7708f0ed15469a87b0a7266fb36) Importer(815301076,1909f56bfc062723c751e8b465ee728b)
Start importing Assets/KnifeHit/Particles/Matrial/AnimationMatrial/BossOrange/Dots.mat using Guid(aa82d7708f0ed15469a87b0a7266fb36) Importer(815301076,1909f56bfc062723c751e8b465ee728b)  -> (artifact id: 'd868d4438441a38ddb12f2d89b6c9186') in 0.037249 seconds 
========================================================================
Received Import Request.
  Time since last request: 0.000075 seconds.
  path: Assets/KnifeHit/Particles/Matrial/AnimationMatrial/BossLid/1.mat
  artifactKey: Guid(b4684ed15db03b848b4949cb53c9051f) Importer(815301076,1909f56bfc062723c751e8b465ee728b)
Start importing Assets/KnifeHit/Particles/Matrial/AnimationMatrial/BossLid/1.mat using Guid(b4684ed15db03b848b4949cb53c9051f) Importer(815301076,1909f56bfc062723c751e8b465ee728b)  -> (artifact id: '9fdb56ca16ac5f2da3c26412c568223e') in 0.031862 seconds 
========================================================================
Received Import Request.
  Time since last request: 0.000039 seconds.
  path: Assets/KnifeHit/Particles/Matrial/AnimationMatrial/BossLid/3.mat
  artifactKey: Guid(721b159d2af6ee542a2aa55b18054cd7) Importer(815301076,1909f56bfc062723c751e8b465ee728b)
Start importing Assets/KnifeHit/Particles/Matrial/AnimationMatrial/BossLid/3.mat using Guid(721b159d2af6ee542a2aa55b18054cd7) Importer(815301076,1909f56bfc062723c751e8b465ee728b)  -> (artifact id: 'dfdd2b302760061048ad51ca8d8b694d') in 0.043622 seconds 
========================================================================
Received Import Request.
  Time since last request: 0.000055 seconds.
  path: Assets/KnifeHit/Particles/Matrial/AnimationMatrial/wood1/1.mat
  artifactKey: Guid(3d722439215afb240a41e93ca3602585) Importer(815301076,1909f56bfc062723c751e8b465ee728b)
Start importing Assets/KnifeHit/Particles/Matrial/AnimationMatrial/wood1/1.mat using Guid(3d722439215afb240a41e93ca3602585) Importer(815301076,1909f56bfc062723c751e8b465ee728b)  -> (artifact id: '168e6328affb9ad53182deb696144e7f') in 0.030336 seconds 
========================================================================
Received Import Request.
  Time since last request: 0.000019 seconds.
  path: Assets/KnifeHit/Particles/Matrial/AnimationMatrial/BossGround/Dots.mat
  artifactKey: Guid(85844f2c247df8f42b09f29a9d550980) Importer(815301076,1909f56bfc062723c751e8b465ee728b)
Start importing Assets/KnifeHit/Particles/Matrial/AnimationMatrial/BossGround/Dots.mat using Guid(85844f2c247df8f42b09f29a9d550980) Importer(815301076,1909f56bfc062723c751e8b465ee728b)  -> (artifact id: 'aef86f205f3c6424ce42d9fea07b3938') in 0.028233 seconds 
========================================================================
Received Import Request.
  Time since last request: 0.000046 seconds.
  path: Assets/KnifeHit/Particles/Matrial/AnimationMatrial/BossGround/2.mat
  artifactKey: Guid(1ade30631236aac4cba02c11ea9fbe85) Importer(815301076,1909f56bfc062723c751e8b465ee728b)
Start importing Assets/KnifeHit/Particles/Matrial/AnimationMatrial/BossGround/2.mat using Guid(1ade30631236aac4cba02c11ea9fbe85) Importer(815301076,1909f56bfc062723c751e8b465ee728b)  -> (artifact id: '490333ade25bde94dd1f855f8c679e4b') in 0.037050 seconds 
========================================================================
Received Import Request.
  Time since last request: 0.000029 seconds.
  path: Assets/KnifeHit/Particles/Matrial/AppleMatrial.mat
  artifactKey: Guid(a758cd1a7d033af4d841f3d22023c8d2) Importer(815301076,1909f56bfc062723c751e8b465ee728b)
Start importing Assets/KnifeHit/Particles/Matrial/AppleMatrial.mat using Guid(a758cd1a7d033af4d841f3d22023c8d2) Importer(815301076,1909f56bfc062723c751e8b465ee728b)  -> (artifact id: '7d81c64a6814b01d3199c89d5c404579') in 0.034973 seconds 
========================================================================
Received Import Request.
  Time since last request: 0.000050 seconds.
  path: Assets/KnifeHit/Particles/Matrial/AnimationMatrial/BossTire/2.mat
  artifactKey: Guid(fdc20dcf2498d81458995dfa0b37c5ac) Importer(815301076,1909f56bfc062723c751e8b465ee728b)
Start importing Assets/KnifeHit/Particles/Matrial/AnimationMatrial/BossTire/2.mat using Guid(fdc20dcf2498d81458995dfa0b37c5ac) Importer(815301076,1909f56bfc062723c751e8b465ee728b)  -> (artifact id: 'bfc21b11b6b01e768ba28d4f7014d47a') in 0.027924 seconds 
========================================================================
Received Import Request.
  Time since last request: 0.000031 seconds.
  path: Assets/KnifeHit/Particles/Matrial/whiteFlash.mat
  artifactKey: Guid(9976d91714bc12f498a5bae414fac7b3) Importer(815301076,1909f56bfc062723c751e8b465ee728b)
Start importing Assets/KnifeHit/Particles/Matrial/whiteFlash.mat using Guid(9976d91714bc12f498a5bae414fac7b3) Importer(815301076,1909f56bfc062723c751e8b465ee728b)  -> (artifact id: 'f104d5b72456445ac1a8b55798744559') in 0.030413 seconds 
========================================================================
Received Prepare
Registering precompiled user dll's ...
Registered in 0.003972 seconds.
Begin MonoManager ReloadAssembly
Symbol file LoadedFromMemory doesn't match image C:\Users\DELL\Documents\GitHub\CCCC\Library\PackageCache\com.unity.visualscripting@1.8.0\Editor\VisualScripting.Core\Dependencies\YamlDotNet\Unity.VisualScripting.YamlDotNet.dll
Symbol file LoadedFromMemory doesn't match image C:\Users\DELL\Documents\GitHub\CCCC\Library\PackageCache\com.unity.visualscripting@1.8.0\Editor\VisualScripting.Core\Dependencies\DotNetZip\Unity.VisualScripting.IonicZip.dll
Native extension for WindowsStandalone target not found
Native extension for Android target not found
Native extension for WebGL target not found
Refreshing native plugins compatible for Editor in 0.56 ms, found 3 plugins.
Preloading 0 native plugins for Editor in 0.00 ms.
Mono: successfully reloaded assembly
- Completed reload, in  1.003 seconds
Domain Reload Profiling:
	ReloadAssembly (1004ms)
		BeginReloadAssembly (141ms)
			ExecutionOrderSort (0ms)
			DisableScriptedObjects (6ms)
			BackupInstance (0ms)
			ReleaseScriptingObjects (0ms)
			CreateAndSetChildDomain (36ms)
		EndReloadAssembly (782ms)
			LoadAssemblies (95ms)
			RebuildTransferFunctionScriptingTraits (0ms)
			SetupTypeCache (260ms)
			ReleaseScriptCaches (2ms)
			RebuildScriptCaches (40ms)
			SetupLoadedEditorAssemblies (346ms)
				LogAssemblyErrors (0ms)
				InitializePlatformSupportModulesInManaged (26ms)
				SetLoadedEditorAssemblies (1ms)
				RefreshPlugins (1ms)
				BeforeProcessingInitializeOnLoad (62ms)
				ProcessInitializeOnLoadAttributes (226ms)
				ProcessInitializeOnLoadMethodAttributes (25ms)
				AfterProcessingInitializeOnLoad (6ms)
				EditorAssembliesLoaded (0ms)
			ExecutionOrderSort2 (0ms)
			AwakeInstancesAfterBackupRestoration (8ms)
Platform modules already initialized, skipping
Refreshing native plugins compatible for Editor in 1.69 ms, found 3 plugins.
Preloading 0 native plugins for Editor in 0.00 ms.
Unloading 2945 Unused Serialized files (Serialized files now loaded: 0)
Unloading 14 unused Assets / (24.6 KB). Loaded Objects now: 3467.
Memory consumption went from 108.3 MB to 108.3 MB.
Total: 5.796800 ms (FindLiveObjects: 0.325600 ms CreateObjectMapping: 0.084400 ms MarkObjects: 5.343900 ms  DeleteObjects: 0.041400 ms)

AssetImportParameters requested are different than current active one (requested -> active):
  custom:video-decoder-ogg-theora: a1e56fd34408186e4bbccfd4996cb3dc -> 
  custom:container-muxer-webm: aa71ff27fc2769a1b78a27578f13a17b -> 
  custom:container-demuxer-webm: 4f35f7cbe854078d1ac9338744f61a02 -> 
  custom:video-encoder-webm-vp8: eb34c28f22e8b96e1ab97ce403110664 -> 
  custom:video-codec-MediaFoundation-h265: 746d11721c4dcdbdad8f713fa42b33f4 -> 
  custom:audio-encoder-webm-vorbis: bf7c407c2cedff20999df2af8eb42d56 -> 
  custom:framework-win-MediaFoundation: 216162199b28c13a410421893ffa2e32 -> 
  custom:container-demuxer-ogg: 62fdf1f143b41e24485cea50d1cbac27 -> 
  custom:video-decoder-webm-vp8: 9c59270c3fd7afecdb556c50c9e8de78 -> 
  custom:audio-decoder-ogg-vorbis: bf7c407c2cedff20999df2af8eb42d56 -> 
========================================================================
Received Prepare
Registering precompiled user dll's ...
Registered in 0.002499 seconds.
Begin MonoManager ReloadAssembly
Symbol file LoadedFromMemory doesn't match image C:\Users\DELL\Documents\GitHub\CCCC\Library\PackageCache\com.unity.visualscripting@1.8.0\Editor\VisualScripting.Core\Dependencies\YamlDotNet\Unity.VisualScripting.YamlDotNet.dll
Symbol file LoadedFromMemory doesn't match image C:\Users\DELL\Documents\GitHub\CCCC\Library\PackageCache\com.unity.visualscripting@1.8.0\Editor\VisualScripting.Core\Dependencies\DotNetZip\Unity.VisualScripting.IonicZip.dll
Native extension for WindowsStandalone target not found
Native extension for Android target not found
Native extension for WebGL target not found
Refreshing native plugins compatible for Editor in 1.29 ms, found 3 plugins.
Preloading 0 native plugins for Editor in 0.00 ms.
Mono: successfully reloaded assembly
- Completed reload, in  1.050 seconds
Domain Reload Profiling:
	ReloadAssembly (1051ms)
		BeginReloadAssembly (146ms)
			ExecutionOrderSort (0ms)
			DisableScriptedObjects (6ms)
			BackupInstance (0ms)
			ReleaseScriptingObjects (0ms)
			CreateAndSetChildDomain (35ms)
		EndReloadAssembly (800ms)
			LoadAssemblies (97ms)
			RebuildTransferFunctionScriptingTraits (0ms)
			SetupTypeCache (228ms)
			ReleaseScriptCaches (2ms)
			RebuildScriptCaches (46ms)
			SetupLoadedEditorAssemblies (377ms)
				LogAssemblyErrors (0ms)
				InitializePlatformSupportModulesInManaged (29ms)
				SetLoadedEditorAssemblies (1ms)
				RefreshPlugins (1ms)
				BeforeProcessingInitializeOnLoad (75ms)
				ProcessInitializeOnLoadAttributes (238ms)
				ProcessInitializeOnLoadMethodAttributes (27ms)
				AfterProcessingInitializeOnLoad (7ms)
				EditorAssembliesLoaded (0ms)
			ExecutionOrderSort2 (0ms)
			AwakeInstancesAfterBackupRestoration (9ms)
Platform modules already initialized, skipping
Refreshing native plugins compatible for Editor in 3.40 ms, found 3 plugins.
Preloading 0 native plugins for Editor in 0.00 ms.
Unloading 2945 Unused Serialized files (Serialized files now loaded: 0)
Unloading 14 unused Assets / (24.6 KB). Loaded Objects now: 3470.
Memory consumption went from 108.3 MB to 108.3 MB.
Total: 4.603600 ms (FindLiveObjects: 0.802800 ms CreateObjectMapping: 0.082100 ms MarkObjects: 3.605900 ms  DeleteObjects: 0.112000 ms)

AssetImportParameters requested are different than current active one (requested -> active):
  custom:video-decoder-ogg-theora: a1e56fd34408186e4bbccfd4996cb3dc -> 
  custom:container-muxer-webm: aa71ff27fc2769a1b78a27578f13a17b -> 
  custom:container-demuxer-webm: 4f35f7cbe854078d1ac9338744f61a02 -> 
  custom:video-encoder-webm-vp8: eb34c28f22e8b96e1ab97ce403110664 -> 
  custom:video-codec-MediaFoundation-h265: 746d11721c4dcdbdad8f713fa42b33f4 -> 
  custom:audio-encoder-webm-vorbis: bf7c407c2cedff20999df2af8eb42d56 -> 
  custom:framework-win-MediaFoundation: 216162199b28c13a410421893ffa2e32 -> 
  custom:container-demuxer-ogg: 62fdf1f143b41e24485cea50d1cbac27 -> 
  custom:video-decoder-webm-vp8: 9c59270c3fd7afecdb556c50c9e8de78 -> 
  custom:audio-decoder-ogg-vorbis: bf7c407c2cedff20999df2af8eb42d56 -> 
Editor requested this worker to shutdown with reason: Scaling down because of idle timeout
AssetImportWorker is now disconnected from the server
Process exiting
Exiting without the bug reporter. Application will terminate with return code 0