Using pre-set license
Built from '2021.3/staging' branch; Version is '2021.3.21f1 (1b156197d683) revision 1774945'; Using compiler version '192829333'; Build Type 'Release'
OS: 'Windows 11  (10.0.22621) 64bit CoreSingleLanguage' Language: 'en' Physical Memory: 7934 MB
BatchMode: 1, IsHumanControllingUs: 0, StartBugReporterOnCrash: 0, Is64bit: 1, IsPro: 1

COMMAND LINE ARGUMENTS:
C:\Program Files\Unity\Hub\Editor\2021.3.21f1\Editor\Unity.exe
-adb2
-batchMode
-noUpm
-name
AssetImportWorker2
-projectPath
C:/Users/DELL/Documents/GitHub/CCCC
-logFile
Logs/AssetImportWorker2.log
-srvPort
63802
Successfully changed project path to: C:/Users/DELL/Documents/GitHub/CCCC
C:/Users/DELL/Documents/GitHub/CCCC
[UnityMemory] Configuration Parameters - Can be set up in boot.config
    "memorysetup-bucket-allocator-granularity=16"
    "memorysetup-bucket-allocator-bucket-count=8"
    "memorysetup-bucket-allocator-block-size=33554432"
    "memorysetup-bucket-allocator-block-count=8"
    "memorysetup-main-allocator-block-size=16777216"
    "memorysetup-thread-allocator-block-size=16777216"
    "memorysetup-gfx-main-allocator-block-size=16777216"
    "memorysetup-gfx-thread-allocator-block-size=16777216"
    "memorysetup-cache-allocator-block-size=4194304"
    "memorysetup-typetree-allocator-block-size=2097152"
    "memorysetup-profiler-bucket-allocator-granularity=16"
    "memorysetup-profiler-bucket-allocator-bucket-count=8"
    "memorysetup-profiler-bucket-allocator-block-size=33554432"
    "memorysetup-profiler-bucket-allocator-block-count=8"
    "memorysetup-profiler-allocator-block-size=16777216"
    "memorysetup-profiler-editor-allocator-block-size=1048576"
    "memorysetup-temp-allocator-size-main=16777216"
    "memorysetup-job-temp-allocator-block-size=2097152"
    "memorysetup-job-temp-allocator-block-size-background=1048576"
    "memorysetup-job-temp-allocator-reduction-small-platforms=262144"
    "memorysetup-temp-allocator-size-background-worker=32768"
    "memorysetup-temp-allocator-size-job-worker=262144"
    "memorysetup-temp-allocator-size-preload-manager=33554432"
    "memorysetup-temp-allocator-size-nav-mesh-worker=65536"
    "memorysetup-temp-allocator-size-audio-worker=65536"
    "memorysetup-temp-allocator-size-cloud-worker=32768"
    "memorysetup-temp-allocator-size-gi-baking-worker=262144"
    "memorysetup-temp-allocator-size-gfx=262144"
Player connection [14896] Host "[IP] 192.168.6.58 [Port] 0 [Flags] 2 [Guid] 364309435 [EditorId] 364309435 [Version] 1048832 [Id] WindowsEditor(7,DESKTOP-Q6Q1L0F) [Debug] 1 [PackageName] WindowsEditor [ProjectName] Editor" joined multi-casting on [225.0.0.222:54997]...

Player connection [14896] Host "[IP] 192.168.6.58 [Port] 0 [Flags] 2 [Guid] 364309435 [EditorId] 364309435 [Version] 1048832 [Id] WindowsEditor(7,DESKTOP-Q6Q1L0F) [Debug] 1 [PackageName] WindowsEditor [ProjectName] Editor" joined alternative multi-casting on [225.0.0.222:34997]...

Refreshing native plugins compatible for Editor in 69.26 ms, found 3 plugins.
Preloading 0 native plugins for Editor in 0.00 ms.
Initialize engine version: 2021.3.21f1 (1b156197d683)
[Subsystems] Discovering subsystems at path C:/Program Files/Unity/Hub/Editor/2021.3.21f1/Editor/Data/Resources/UnitySubsystems
[Subsystems] Discovering subsystems at path C:/Users/DELL/Documents/GitHub/CCCC/Assets
GfxDevice: creating device client; threaded=0; jobified=0
Direct3D:
    Version:  Direct3D 11.0 [level 11.1]
    Renderer: NVIDIA GeForce RTX 3050 Laptop GPU (ID=0x25a2)
    Vendor:   NVIDIA
    VRAM:     3977 MB
    Driver:   31.0.15.2879
Initialize mono
Mono path[0] = 'C:/Program Files/Unity/Hub/Editor/2021.3.21f1/Editor/Data/Managed'
Mono path[1] = 'C:/Program Files/Unity/Hub/Editor/2021.3.21f1/Editor/Data/MonoBleedingEdge/lib/mono/unityjit-win32'
Mono config path = 'C:/Program Files/Unity/Hub/Editor/2021.3.21f1/Editor/Data/MonoBleedingEdge/etc'
Using monoOptions --debugger-agent=transport=dt_socket,embedding=1,server=y,suspend=n,address=127.0.0.1:56364
Begin MonoManager ReloadAssembly
Registering precompiled unity dll's ...
Register platform support module: C:/Program Files/Unity/Hub/Editor/2021.3.21f1/Editor/Data/PlaybackEngines/WebGLSupport/UnityEditor.WebGL.Extensions.dll
Register platform support module: C:/Program Files/Unity/Hub/Editor/2021.3.21f1/Editor/Data/PlaybackEngines/AndroidPlayer/UnityEditor.Android.Extensions.dll
Register platform support module: C:/Program Files/Unity/Hub/Editor/2021.3.21f1/Editor/Data/PlaybackEngines/WindowsStandaloneSupport/UnityEditor.WindowsStandalone.Extensions.dll
Registered in 0.005722 seconds.
Native extension for WindowsStandalone target not found
Native extension for Android target not found
Android Extension - Scanning For ADB Devices 205 ms
Native extension for WebGL target not found
Refreshing native plugins compatible for Editor in 66.40 ms, found 3 plugins.
Preloading 0 native plugins for Editor in 0.00 ms.
Mono: successfully reloaded assembly
- Completed reload, in  0.895 seconds
Domain Reload Profiling:
	ReloadAssembly (896ms)
		BeginReloadAssembly (116ms)
			ExecutionOrderSort (0ms)
			DisableScriptedObjects (0ms)
			BackupInstance (0ms)
			ReleaseScriptingObjects (0ms)
			CreateAndSetChildDomain (1ms)
		EndReloadAssembly (638ms)
			LoadAssemblies (114ms)
			RebuildTransferFunctionScriptingTraits (0ms)
			SetupTypeCache (131ms)
			ReleaseScriptCaches (0ms)
			RebuildScriptCaches (20ms)
			SetupLoadedEditorAssemblies (440ms)
				LogAssemblyErrors (0ms)
				InitializePlatformSupportModulesInManaged (257ms)
				SetLoadedEditorAssemblies (0ms)
				RefreshPlugins (66ms)
				BeforeProcessingInitializeOnLoad (1ms)
				ProcessInitializeOnLoadAttributes (77ms)
				ProcessInitializeOnLoadMethodAttributes (38ms)
				AfterProcessingInitializeOnLoad (0ms)
				EditorAssembliesLoaded (0ms)
			ExecutionOrderSort2 (0ms)
			AwakeInstancesAfterBackupRestoration (0ms)
Platform modules already initialized, skipping
Registering precompiled user dll's ...
Registered in 0.003147 seconds.
Begin MonoManager ReloadAssembly
Symbol file LoadedFromMemory doesn't match image C:\Users\DELL\Documents\GitHub\CCCC\Library\PackageCache\com.unity.visualscripting@1.8.0\Editor\VisualScripting.Core\Dependencies\YamlDotNet\Unity.VisualScripting.YamlDotNet.dll
Symbol file LoadedFromMemory doesn't match image C:\Users\DELL\Documents\GitHub\CCCC\Library\PackageCache\com.unity.visualscripting@1.8.0\Editor\VisualScripting.Core\Dependencies\DotNetZip\Unity.VisualScripting.IonicZip.dll
Native extension for WindowsStandalone target not found
Native extension for Android target not found
Native extension for WebGL target not found
Refreshing native plugins compatible for Editor in 0.55 ms, found 3 plugins.
Preloading 0 native plugins for Editor in 0.00 ms.
Mono: successfully reloaded assembly
- Completed reload, in  0.761 seconds
Domain Reload Profiling:
	ReloadAssembly (762ms)
		BeginReloadAssembly (99ms)
			ExecutionOrderSort (0ms)
			DisableScriptedObjects (5ms)
			BackupInstance (0ms)
			ReleaseScriptingObjects (0ms)
			CreateAndSetChildDomain (19ms)
		EndReloadAssembly (574ms)
			LoadAssemblies (77ms)
			RebuildTransferFunctionScriptingTraits (0ms)
			SetupTypeCache (177ms)
			ReleaseScriptCaches (1ms)
			RebuildScriptCaches (37ms)
			SetupLoadedEditorAssemblies (254ms)
				LogAssemblyErrors (0ms)
				InitializePlatformSupportModulesInManaged (14ms)
				SetLoadedEditorAssemblies (0ms)
				RefreshPlugins (1ms)
				BeforeProcessingInitializeOnLoad (57ms)
				ProcessInitializeOnLoadAttributes (164ms)
				ProcessInitializeOnLoadMethodAttributes (14ms)
				AfterProcessingInitializeOnLoad (4ms)
				EditorAssembliesLoaded (0ms)
			ExecutionOrderSort2 (0ms)
			AwakeInstancesAfterBackupRestoration (4ms)
Platform modules already initialized, skipping
========================================================================
Worker process is ready to serve import requests
Launched and connected shader compiler UnityShaderCompiler.exe after 0.04 seconds
Refreshing native plugins compatible for Editor in 0.75 ms, found 3 plugins.
Preloading 0 native plugins for Editor in 0.00 ms.
Unloading 2951 Unused Serialized files (Serialized files now loaded: 0)
Unloading 21 unused Assets / (56.1 KB). Loaded Objects now: 3419.
Memory consumption went from 104.0 MB to 103.9 MB.
Total: 2.692400 ms (FindLiveObjects: 0.297500 ms CreateObjectMapping: 0.068900 ms MarkObjects: 2.239500 ms  DeleteObjects: 0.085600 ms)

AssetImportParameters requested are different than current active one (requested -> active):
  custom:video-decoder-ogg-theora: a1e56fd34408186e4bbccfd4996cb3dc -> 
  custom:container-muxer-webm: aa71ff27fc2769a1b78a27578f13a17b -> 
  custom:container-demuxer-webm: 4f35f7cbe854078d1ac9338744f61a02 -> 
  custom:video-encoder-webm-vp8: eb34c28f22e8b96e1ab97ce403110664 -> 
  custom:video-codec-MediaFoundation-h265: 746d11721c4dcdbdad8f713fa42b33f4 -> 
  custom:audio-encoder-webm-vorbis: bf7c407c2cedff20999df2af8eb42d56 -> 
  custom:framework-win-MediaFoundation: 216162199b28c13a410421893ffa2e32 -> 
  custom:container-demuxer-ogg: 62fdf1f143b41e24485cea50d1cbac27 -> 
  custom:video-decoder-webm-vp8: 9c59270c3fd7afecdb556c50c9e8de78 -> 
  custom:audio-decoder-ogg-vorbis: bf7c407c2cedff20999df2af8eb42d56 -> 
========================================================================
Received Import Request.
  Time since last request: 859692.658781 seconds.
  path: Assets/KnifeHit/Controll/Toast/Toast.prefab
  artifactKey: Guid(4bdd6c1aed39e924b98206a7d221f6cd) Importer(815301076,1909f56bfc062723c751e8b465ee728b)
Start importing Assets/KnifeHit/Controll/Toast/Toast.prefab using Guid(4bdd6c1aed39e924b98206a7d221f6cd) Importer(815301076,1909f56bfc062723c751e8b465ee728b)  -> (artifact id: '81911324f32011f30624d74dad63e8a0') in 0.050727 seconds 
========================================================================
Received Prepare
Registering precompiled user dll's ...
Registered in 0.005230 seconds.
Begin MonoManager ReloadAssembly
Symbol file LoadedFromMemory doesn't match image C:\Users\DELL\Documents\GitHub\CCCC\Library\PackageCache\com.unity.visualscripting@1.8.0\Editor\VisualScripting.Core\Dependencies\YamlDotNet\Unity.VisualScripting.YamlDotNet.dll
Symbol file LoadedFromMemory doesn't match image C:\Users\DELL\Documents\GitHub\CCCC\Library\PackageCache\com.unity.visualscripting@1.8.0\Editor\VisualScripting.Core\Dependencies\DotNetZip\Unity.VisualScripting.IonicZip.dll
Native extension for WindowsStandalone target not found
Native extension for Android target not found
Native extension for WebGL target not found
Refreshing native plugins compatible for Editor in 0.90 ms, found 3 plugins.
Preloading 0 native plugins for Editor in 0.00 ms.
Mono: successfully reloaded assembly
- Completed reload, in  1.013 seconds
Domain Reload Profiling:
	ReloadAssembly (1013ms)
		BeginReloadAssembly (148ms)
			ExecutionOrderSort (0ms)
			DisableScriptedObjects (5ms)
			BackupInstance (0ms)
			ReleaseScriptingObjects (0ms)
			CreateAndSetChildDomain (35ms)
		EndReloadAssembly (768ms)
			LoadAssemblies (110ms)
			RebuildTransferFunctionScriptingTraits (0ms)
			SetupTypeCache (244ms)
			ReleaseScriptCaches (3ms)
			RebuildScriptCaches (41ms)
			SetupLoadedEditorAssemblies (340ms)
				LogAssemblyErrors (0ms)
				InitializePlatformSupportModulesInManaged (24ms)
				SetLoadedEditorAssemblies (0ms)
				RefreshPlugins (1ms)
				BeforeProcessingInitializeOnLoad (62ms)
				ProcessInitializeOnLoadAttributes (220ms)
				ProcessInitializeOnLoadMethodAttributes (25ms)
				AfterProcessingInitializeOnLoad (6ms)
				EditorAssembliesLoaded (0ms)
			ExecutionOrderSort2 (0ms)
			AwakeInstancesAfterBackupRestoration (8ms)
Platform modules already initialized, skipping
Refreshing native plugins compatible for Editor in 1.81 ms, found 3 plugins.
Preloading 0 native plugins for Editor in 0.00 ms.
Unloading 2945 Unused Serialized files (Serialized files now loaded: 0)
Unloading 15 unused Assets / (25.3 KB). Loaded Objects now: 3425.
Memory consumption went from 103.8 MB to 103.8 MB.
Total: 4.085500 ms (FindLiveObjects: 0.691900 ms CreateObjectMapping: 0.203200 ms MarkObjects: 3.158400 ms  DeleteObjects: 0.030700 ms)

AssetImportParameters requested are different than current active one (requested -> active):
  custom:video-decoder-ogg-theora: a1e56fd34408186e4bbccfd4996cb3dc -> 
  custom:container-muxer-webm: aa71ff27fc2769a1b78a27578f13a17b -> 
  custom:container-demuxer-webm: 4f35f7cbe854078d1ac9338744f61a02 -> 
  custom:video-encoder-webm-vp8: eb34c28f22e8b96e1ab97ce403110664 -> 
  custom:video-codec-MediaFoundation-h265: 746d11721c4dcdbdad8f713fa42b33f4 -> 
  custom:audio-encoder-webm-vorbis: bf7c407c2cedff20999df2af8eb42d56 -> 
  custom:framework-win-MediaFoundation: 216162199b28c13a410421893ffa2e32 -> 
  custom:container-demuxer-ogg: 62fdf1f143b41e24485cea50d1cbac27 -> 
  custom:video-decoder-webm-vp8: 9c59270c3fd7afecdb556c50c9e8de78 -> 
  custom:audio-decoder-ogg-vorbis: bf7c407c2cedff20999df2af8eb42d56 -> 
========================================================================
Received Prepare
Registering precompiled user dll's ...
Registered in 0.002860 seconds.
Begin MonoManager ReloadAssembly
Symbol file LoadedFromMemory doesn't match image C:\Users\DELL\Documents\GitHub\CCCC\Library\PackageCache\com.unity.visualscripting@1.8.0\Editor\VisualScripting.Core\Dependencies\YamlDotNet\Unity.VisualScripting.YamlDotNet.dll
Symbol file LoadedFromMemory doesn't match image C:\Users\DELL\Documents\GitHub\CCCC\Library\PackageCache\com.unity.visualscripting@1.8.0\Editor\VisualScripting.Core\Dependencies\DotNetZip\Unity.VisualScripting.IonicZip.dll
Native extension for WindowsStandalone target not found
Native extension for Android target not found
Native extension for WebGL target not found
Refreshing native plugins compatible for Editor in 1.33 ms, found 3 plugins.
Preloading 0 native plugins for Editor in 0.00 ms.
Mono: successfully reloaded assembly
- Completed reload, in  1.021 seconds
Domain Reload Profiling:
	ReloadAssembly (1022ms)
		BeginReloadAssembly (134ms)
			ExecutionOrderSort (0ms)
			DisableScriptedObjects (6ms)
			BackupInstance (0ms)
			ReleaseScriptingObjects (0ms)
			CreateAndSetChildDomain (33ms)
		EndReloadAssembly (808ms)
			LoadAssemblies (95ms)
			RebuildTransferFunctionScriptingTraits (0ms)
			SetupTypeCache (229ms)
			ReleaseScriptCaches (4ms)
			RebuildScriptCaches (46ms)
			SetupLoadedEditorAssemblies (379ms)
				LogAssemblyErrors (0ms)
				InitializePlatformSupportModulesInManaged (28ms)
				SetLoadedEditorAssemblies (1ms)
				RefreshPlugins (1ms)
				BeforeProcessingInitializeOnLoad (74ms)
				ProcessInitializeOnLoadAttributes (242ms)
				ProcessInitializeOnLoadMethodAttributes (26ms)
				AfterProcessingInitializeOnLoad (6ms)
				EditorAssembliesLoaded (0ms)
			ExecutionOrderSort2 (0ms)
			AwakeInstancesAfterBackupRestoration (9ms)
Platform modules already initialized, skipping
Refreshing native plugins compatible for Editor in 2.34 ms, found 3 plugins.
Preloading 0 native plugins for Editor in 0.00 ms.
Unloading 2945 Unused Serialized files (Serialized files now loaded: 0)
Unloading 14 unused Assets / (24.7 KB). Loaded Objects now: 3428.
Memory consumption went from 103.8 MB to 103.8 MB.
Total: 4.416400 ms (FindLiveObjects: 0.420300 ms CreateObjectMapping: 0.329000 ms MarkObjects: 3.575500 ms  DeleteObjects: 0.088700 ms)

AssetImportParameters requested are different than current active one (requested -> active):
  custom:video-decoder-ogg-theora: a1e56fd34408186e4bbccfd4996cb3dc -> 
  custom:container-muxer-webm: aa71ff27fc2769a1b78a27578f13a17b -> 
  custom:container-demuxer-webm: 4f35f7cbe854078d1ac9338744f61a02 -> 
  custom:video-encoder-webm-vp8: eb34c28f22e8b96e1ab97ce403110664 -> 
  custom:video-codec-MediaFoundation-h265: 746d11721c4dcdbdad8f713fa42b33f4 -> 
  custom:audio-encoder-webm-vorbis: bf7c407c2cedff20999df2af8eb42d56 -> 
  custom:framework-win-MediaFoundation: 216162199b28c13a410421893ffa2e32 -> 
  custom:container-demuxer-ogg: 62fdf1f143b41e24485cea50d1cbac27 -> 
  custom:video-decoder-webm-vp8: 9c59270c3fd7afecdb556c50c9e8de78 -> 
  custom:audio-decoder-ogg-vorbis: bf7c407c2cedff20999df2af8eb42d56 -> 
========================================================================
Received Import Request.
  Time since last request: 358.072073 seconds.
  path: Assets/KnifeHit/sound/__ev_game_over.mp3
  artifactKey: Guid(fff45ccce6c18124cae9f91902dcca70) Importer(815301076,1909f56bfc062723c751e8b465ee728b)
Start importing Assets/KnifeHit/sound/__ev_game_over.mp3 using Guid(fff45ccce6c18124cae9f91902dcca70) Importer(815301076,1909f56bfc062723c751e8b465ee728b)  -> (artifact id: '5c329b29c7ced59ff21f897c306a78b7') in 0.308829 seconds 
========================================================================
Received Import Request.
  Time since last request: 0.000073 seconds.
  path: Assets/KnifeHit/sound/ev_video_watched_3.mp3
  artifactKey: Guid(ce9818283a9029843a700decfa7e1a4c) Importer(815301076,1909f56bfc062723c751e8b465ee728b)
Start importing Assets/KnifeHit/sound/ev_video_watched_3.mp3 using Guid(ce9818283a9029843a700decfa7e1a4c) Importer(815301076,1909f56bfc062723c751e8b465ee728b)  -> (artifact id: 'a857be22b98ee2c6797b101a8a19213d') in 0.027137 seconds 
========================================================================
Received Import Request.
  Time since last request: 0.000089 seconds.
  path: Assets/KnifeHit/sound/ev_xp_bar_pop.mp3
  artifactKey: Guid(f72a370cf0867c545a5c4536aff219bf) Importer(815301076,1909f56bfc062723c751e8b465ee728b)
Start importing Assets/KnifeHit/sound/ev_xp_bar_pop.mp3 using Guid(f72a370cf0867c545a5c4536aff219bf) Importer(815301076,1909f56bfc062723c751e8b465ee728b)  -> (artifact id: '8d5b7e101d6a322f453662ff15d461a4') in 0.021563 seconds 
========================================================================
Received Import Request.
  Time since last request: 0.000046 seconds.
  path: Assets/KnifeHit/sound/ev_game_over.mp3
  artifactKey: Guid(644dc9b3259e77d4d812993b9d860f71) Importer(815301076,1909f56bfc062723c751e8b465ee728b)
Start importing Assets/KnifeHit/sound/ev_game_over.mp3 using Guid(644dc9b3259e77d4d812993b9d860f71) Importer(815301076,1909f56bfc062723c751e8b465ee728b)  -> (artifact id: 'a3062d0983deaaf699cd9b8c01a481bd') in 0.026671 seconds 
========================================================================
Received Import Request.
  Time since last request: 0.000065 seconds.
  path: Assets/KnifeHit/sound/ev_xp_bar_fill.mp3
  artifactKey: Guid(dd9ffeaa3c68f34418e64f474b793810) Importer(815301076,1909f56bfc062723c751e8b465ee728b)
Start importing Assets/KnifeHit/sound/ev_xp_bar_fill.mp3 using Guid(dd9ffeaa3c68f34418e64f474b793810) Importer(815301076,1909f56bfc062723c751e8b465ee728b)  -> (artifact id: '2cdeaf02f07d46fddbab0c97d1799db7') in 0.029085 seconds 
========================================================================
Received Import Request.
  Time since last request: 0.000064 seconds.
  path: Assets/KnifeHit/sound/ev_fan_state.mp3
  artifactKey: Guid(2d31ac4824cf56641b2e2171ae299b75) Importer(815301076,1909f56bfc062723c751e8b465ee728b)
Start importing Assets/KnifeHit/sound/ev_fan_state.mp3 using Guid(2d31ac4824cf56641b2e2171ae299b75) Importer(815301076,1909f56bfc062723c751e8b465ee728b)  -> (artifact id: '165ee6b58fb6790c1bd60f4c730e8641') in 0.026825 seconds 
========================================================================
Received Import Request.
  Time since last request: 0.000074 seconds.
  path: Assets/KnifeHit/sound/ev_target_appear_2.mp3
  artifactKey: Guid(1aa7ec1005a39c640b3bfb03639191d8) Importer(815301076,1909f56bfc062723c751e8b465ee728b)
Start importing Assets/KnifeHit/sound/ev_target_appear_2.mp3 using Guid(1aa7ec1005a39c640b3bfb03639191d8) Importer(815301076,1909f56bfc062723c751e8b465ee728b)  -> (artifact id: 'e235b6159aa5d7cc0e9ffb2d5d7a0566') in 0.025769 seconds 
========================================================================
Received Import Request.
  Time since last request: 0.000080 seconds.
  path: Assets/KnifeHit/sound/ev_shop_pop_up_unlock.mp3
  artifactKey: Guid(e962934f6e998844b9c00842a5a7917d) Importer(815301076,1909f56bfc062723c751e8b465ee728b)
Start importing Assets/KnifeHit/sound/ev_shop_pop_up_unlock.mp3 using Guid(e962934f6e998844b9c00842a5a7917d) Importer(815301076,1909f56bfc062723c751e8b465ee728b)  -> (artifact id: 'dc44bc87a5f34b71c3d13aacb6f3e16d') in 0.040050 seconds 
========================================================================
Received Import Request.
  Time since last request: 0.000071 seconds.
  path: Assets/KnifeHit/sound/ev_aqua_helmet_state.mp3
  artifactKey: Guid(7bf11e78c895fc540959c918c19e3c65) Importer(815301076,1909f56bfc062723c751e8b465ee728b)
Start importing Assets/KnifeHit/sound/ev_aqua_helmet_state.mp3 using Guid(7bf11e78c895fc540959c918c19e3c65) Importer(815301076,1909f56bfc062723c751e8b465ee728b)  -> (artifact id: '243bfd49c8592839b68c6113f3451c2a') in 0.027757 seconds 
========================================================================
Received Import Request.
  Time since last request: 0.000052 seconds.
  path: Assets/KnifeHit/sound/ev_camera_state.mp3
  artifactKey: Guid(a5c023d59ae8a654cb94b9f84bf0d3ef) Importer(815301076,1909f56bfc062723c751e8b465ee728b)
Start importing Assets/KnifeHit/sound/ev_camera_state.mp3 using Guid(a5c023d59ae8a654cb94b9f84bf0d3ef) Importer(815301076,1909f56bfc062723c751e8b465ee728b)  -> (artifact id: '1dfa53f0648d01657623dcf6a4efefac') in 0.026460 seconds 
========================================================================
Received Import Request.
  Time since last request: 0.000037 seconds.
  path: Assets/KnifeHit/sound/ev_spike_1.mp3
  artifactKey: Guid(ae61ef2883cff704baeb61f32d068445) Importer(815301076,1909f56bfc062723c751e8b465ee728b)
Start importing Assets/KnifeHit/sound/ev_spike_1.mp3 using Guid(ae61ef2883cff704baeb61f32d068445) Importer(815301076,1909f56bfc062723c751e8b465ee728b)  -> (artifact id: '8cf99dce9bf10d05649a77d5f5c1a49b') in 0.029483 seconds 
========================================================================
Received Import Request.
  Time since last request: 0.000044 seconds.
  path: Assets/KnifeHit/sound/ev_logo.mp3
  artifactKey: Guid(4d7344eeff083c14aac5a9b808e45768) Importer(815301076,1909f56bfc062723c751e8b465ee728b)
Start importing Assets/KnifeHit/sound/ev_logo.mp3 using Guid(4d7344eeff083c14aac5a9b808e45768) Importer(815301076,1909f56bfc062723c751e8b465ee728b)  -> (artifact id: 'dc6d1622fac201fdb3dcecf0e4db57a3') in 0.029510 seconds 
========================================================================
Received Import Request.
  Time since last request: 0.000036 seconds.
  path: Assets/KnifeHit/sound/ev_buttons_appear_3.mp3
  artifactKey: Guid(56903b578ed6893488edaba21a54e2e2) Importer(815301076,1909f56bfc062723c751e8b465ee728b)
Start importing Assets/KnifeHit/sound/ev_buttons_appear_3.mp3 using Guid(56903b578ed6893488edaba21a54e2e2) Importer(815301076,1909f56bfc062723c751e8b465ee728b)  -> (artifact id: 'e2b4194e2bc1606633a8a368a8fbcb1f') in 0.029553 seconds 
========================================================================
Received Import Request.
  Time since last request: 0.000027 seconds.
  path: Assets/KnifeHit/sound/ev_video_watched_2.mp3
  artifactKey: Guid(11e2116b7681cfd4ab323fb30b80bf4f) Importer(815301076,1909f56bfc062723c751e8b465ee728b)
Start importing Assets/KnifeHit/sound/ev_video_watched_2.mp3 using Guid(11e2116b7681cfd4ab323fb30b80bf4f) Importer(815301076,1909f56bfc062723c751e8b465ee728b)  -> (artifact id: '6173b60ed54a3d03e15dd40d0e721aae') in 0.028377 seconds 
========================================================================
Received Import Request.
  Time since last request: 0.000029 seconds.
  path: Assets/KnifeHit/sound/ev_spike_3.mp3
  artifactKey: Guid(a900faca2616d3a4a9f68f4c65defb2b) Importer(815301076,1909f56bfc062723c751e8b465ee728b)
Start importing Assets/KnifeHit/sound/ev_spike_3.mp3 using Guid(a900faca2616d3a4a9f68f4c65defb2b) Importer(815301076,1909f56bfc062723c751e8b465ee728b)  -> (artifact id: '9ecd37ccc8295c30d1e0e4c26a31cf56') in 0.028622 seconds 
